Hello, World!
Registers:
  r0: 0x1050ac040 0.000000 0.000000
  r1: 0x1111111111111111 0.000000 0.000000
  r2: 0x0 0.000000 0.000000
  r3: 0x0 0.000000 0.000000
  r4: 0x0 0.000000 0.000000
  r5: 0x0 0.000000 0.000000
  r6: 0x0 0.000000 0.000000
  r7: 0x0 0.000000 0.000000
  r8: 0x8 0.000000 0.000000
  r9: 0x0 0.000000 0.000000
  r10: 0x0 0.000000 0.000000
  r11: 0x0 0.000000 0.000000
  r12: 0x0 0.000000 0.000000
  r13: 0x0 0.000000 0.000000
  r14: 0x0 0.000000 0.000000
  r15: 0x0 0.000000 0.000000
  r16: 0x0 0.000000 0.000000
  r17: 0x0 0.000000 0.000000
  r18: 0x0 0.000000 0.000000
  r19: 0x0 0.000000 0.000000
  r20: 0x0 0.000000 0.000000
  r21: 0x0 0.000000 0.000000
  r22: 0x0 0.000000 0.000000
  r23: 0x0 0.000000 0.000000
  r24: 0x0 0.000000 0.000000
  r25: 0x0 0.000000 0.000000
  r26: 0x0 0.000000 0.000000
  r27: 0x0 0.000000 0.000000
  r28: 0x0 0.000000 0.000000
  r29: 0x1050ac008 0.000000 0.000000
  r30: 0x16b576d90 0.000000 260436445494924678065553408.000000
  r31: 0x1050ac034 0.000000 0.000000
Vector Registers:
  v0:
    .b = {
      0x22,
      0x22,
      0x22,
      0x22,
      0x22,
      0x22,
      0x22,
      0x22,
      0x22,
      0x22,
      0x22,
      0x22,
      0x22,
      0x22,
      0x22,
      0x22,
      0x22,
      0x22,
      0x22,
      0x22,
      0x22,
      0x22,
      0x22,
      0x22,
      0x22,
      0x22,
      0x22,
      0x22,
      0x22,
      0x22,
      0x22,
      0x22,
    }
    .w = {
      0x2222,
      0x2222,
      0x2222,
      0x2222,
      0x2222,
      0x2222,
      0x2222,
      0x2222,
      0x2222,
      0x2222,
      0x2222,
      0x2222,
      0x2222,
      0x2222,
      0x2222,
      0x2222,
    }
    .d = {
      0x22222222,
      0x22222222,
      0x22222222,
      0x22222222,
      0x22222222,
      0x22222222,
      0x22222222,
      0x22222222,
    }
    .q = {
      0x2222222222222222,
      0x2222222222222222,
      0x2222222222222222,
      0x2222222222222222,
    }
    .s = {
      0.000000,
      0.000000,
      0.000000,
      0.000000,
      0.000000,
      0.000000,
      0.000000,
      0.000000,
    }
    .f = {
      0.000000,
      0.000000,
      0.000000,
      0.000000,
    }
  v1:
    .b = {
      0x00,
      0x00,
      0x00,
      0x00,
      0x00,
      0x00,
      0x00,
      0x00,
      0x00,
      0x00,
      0x00,
      0x00,
      0x00,
      0x00,
      0x00,
      0x00,
      0x00,
      0x00,
      0x00,
      0x00,
      0x00,
      0x00,
      0x00,
      0x00,
      0x00,
      0x00,
      0x00,
      0x00,
      0x00,
      0x00,
      0x00,
      0x00,
    }
    .w = {
      0x0000,
      0x0000,
      0x0000,
      0x0000,
      0x0000,
      0x0000,
      0x0000,
      0x0000,
      0x0000,
      0x0000,
      0x0000,
      0x0000,
      0x0000,
      0x0000,
      0x0000,
      0x0000,
    }
    .d = {
      0x00000000,
      0x00000000,
      0x00000000,
      0x00000000,
      0x00000000,
      0x00000000,
      0x00000000,
      0x00000000,
    }
    .q = {
      0x0000000000000000,
      0x0000000000000000,
      0x0000000000000000,
      0x0000000000000000,
    }
    .s = {
      0.000000,
      0.000000,
      0.000000,
      0.000000,
      0.000000,
      0.000000,
      0.000000,
      0.000000,
    }
    .f = {
      0.000000,
      0.000000,
      0.000000,
      0.000000,
    }
  v2:
    .b = {
      0x00,
      0x00,
      0x00,
      0x00,
      0x00,
      0x00,
      0x00,
      0x00,
      0x00,
      0x00,
      0x00,
      0x00,
      0x00,
      0x00,
      0x00,
      0x00,
      0x00,
      0x00,
      0x00,
      0x00,
      0x00,
      0x00,
      0x00,
      0x00,
      0x00,
      0x00,
      0x00,
      0x00,
      0x00,
      0x00,
      0x00,
      0x00,
    }
    .w = {
      0x0000,
      0x0000,
      0x0000,
      0x0000,
      0x0000,
      0x0000,
      0x0000,
      0x0000,
      0x0000,
      0x0000,
      0x0000,
      0x0000,
      0x0000,
      0x0000,
      0x0000,
      0x0000,
    }
    .d = {
      0x00000000,
      0x00000000,
      0x00000000,
      0x00000000,
      0x00000000,
      0x00000000,
      0x00000000,
      0x00000000,
    }
    .q = {
      0x0000000000000000,
      0x0000000000000000,
      0x0000000000000000,
      0x0000000000000000,
    }
    .s = {
      0.000000,
      0.000000,
      0.000000,
      0.000000,
      0.000000,
      0.000000,
      0.000000,
      0.000000,
    }
    .f = {
      0.000000,
      0.000000,
      0.000000,
      0.000000,
    }
  v3:
    .b = {
      0x00,
      0x00,
      0x00,
      0x00,
      0x00,
      0x00,
      0x00,
      0x00,
      0x00,
      0x00,
      0x00,
      0x00,
      0x00,
      0x00,
      0x00,
      0x00,
      0x00,
      0x00,
      0x00,
      0x00,
      0x00,
      0x00,
      0x00,
      0x00,
      0x00,
      0x00,
      0x00,
      0x00,
      0x00,
      0x00,
      0x00,
      0x00,
    }
    .w = {
      0x0000,
      0x0000,
      0x0000,
      0x0000,
      0x0000,
      0x0000,
      0x0000,
      0x0000,
      0x0000,
      0x0000,
      0x0000,
      0x0000,
      0x0000,
      0x0000,
      0x0000,
      0x0000,
    }
    .d = {
      0x00000000,
      0x00000000,
      0x00000000,
      0x00000000,
      0x00000000,
      0x00000000,
      0x00000000,
      0x00000000,
    }
    .q = {
      0x0000000000000000,
      0x0000000000000000,
      0x0000000000000000,
      0x0000000000000000,
    }
    .s = {
      0.000000,
      0.000000,
      0.000000,
      0.000000,
      0.000000,
      0.000000,
      0.000000,
      0.000000,
    }
    .f = {
      0.000000,
      0.000000,
      0.000000,
      0.000000,
    }
  v4:
    .b = {
      0x00,
      0x00,
      0x00,
      0x00,
      0x00,
      0x00,
      0x00,
      0x00,
      0x00,
      0x00,
      0x00,
      0x00,
      0x00,
      0x00,
      0x00,
      0x00,
      0x00,
      0x00,
      0x00,
      0x00,
      0x00,
      0x00,
      0x00,
      0x00,
      0x00,
      0x00,
      0x00,
      0x00,
      0x00,
      0x00,
      0x00,
      0x00,
    }
    .w = {
      0x0000,
      0x0000,
      0x0000,
      0x0000,
      0x0000,
      0x0000,
      0x0000,
      0x0000,
      0x0000,
      0x0000,
      0x0000,
      0x0000,
      0x0000,
      0x0000,
      0x0000,
      0x0000,
    }
    .d = {
      0x00000000,
      0x00000000,
      0x00000000,
      0x00000000,
      0x00000000,
      0x00000000,
      0x00000000,
      0x00000000,
    }
    .q = {
      0x0000000000000000,
      0x0000000000000000,
      0x0000000000000000,
      0x0000000000000000,
    }
    .s = {
      0.000000,
      0.000000,
      0.000000,
      0.000000,
      0.000000,
      0.000000,
      0.000000,
      0.000000,
    }
    .f = {
      0.000000,
      0.000000,
      0.000000,
      0.000000,
    }
  v5:
    .b = {
      0x00,
      0x00,
      0x00,
      0x00,
      0x00,
      0x00,
      0x00,
      0x00,
      0x00,
      0x00,
      0x00,
      0x00,
      0x00,
      0x00,
      0x00,
      0x00,
      0x00,
      0x00,
      0x00,
      0x00,
      0x00,
      0x00,
      0x00,
      0x00,
      0x00,
      0x00,
      0x00,
      0x00,
      0x00,
      0x00,
      0x00,
      0x00,
    }
    .w = {
      0x0000,
      0x0000,
      0x0000,
      0x0000,
      0x0000,
      0x0000,
      0x0000,
      0x0000,
      0x0000,
      0x0000,
      0x0000,
      0x0000,
      0x0000,
      0x0000,
      0x0000,
      0x0000,
    }
    .d = {
      0x00000000,
      0x00000000,
      0x00000000,
      0x00000000,
      0x00000000,
      0x00000000,
      0x00000000,
      0x00000000,
    }
    .q = {
      0x0000000000000000,
      0x0000000000000000,
      0x0000000000000000,
      0x0000000000000000,
    }
    .s = {
      0.000000,
      0.000000,
      0.000000,
      0.000000,
      0.000000,
      0.000000,
      0.000000,
      0.000000,
    }
    .f = {
      0.000000,
      0.000000,
      0.000000,
      0.000000,
    }
  v6:
    .b = {
      0x00,
      0x00,
      0x00,
      0x00,
      0x00,
      0x00,
      0x00,
      0x00,
      0x00,
      0x00,
      0x00,
      0x00,
      0x00,
      0x00,
      0x00,
      0x00,
      0x00,
      0x00,
      0x00,
      0x00,
      0x00,
      0x00,
      0x00,
      0x00,
      0x00,
      0x00,
      0x00,
      0x00,
      0x00,
      0x00,
      0x00,
      0x00,
    }
    .w = {
      0x0000,
      0x0000,
      0x0000,
      0x0000,
      0x0000,
      0x0000,
      0x0000,
      0x0000,
      0x0000,
      0x0000,
      0x0000,
      0x0000,
      0x0000,
      0x0000,
      0x0000,
      0x0000,
    }
    .d = {
      0x00000000,
      0x00000000,
      0x00000000,
      0x00000000,
      0x00000000,
      0x00000000,
      0x00000000,
      0x00000000,
    }
    .q = {
      0x0000000000000000,
      0x0000000000000000,
      0x0000000000000000,
      0x0000000000000000,
    }
    .s = {
      0.000000,
      0.000000,
      0.000000,
      0.000000,
      0.000000,
      0.000000,
      0.000000,
      0.000000,
    }
    .f = {
      0.000000,
      0.000000,
      0.000000,
      0.000000,
    }
  v7:
    .b = {
      0x00,
      0x00,
      0x00,
      0x00,
      0x00,
      0x00,
      0x00,
      0x00,
      0x00,
      0x00,
      0x00,
      0x00,
      0x00,
      0x00,
      0x00,
      0x00,
      0x00,
      0x00,
      0x00,
      0x00,
      0x00,
      0x00,
      0x00,
      0x00,
      0x00,
      0x00,
      0x00,
      0x00,
      0x00,
      0x00,
      0x00,
      0x00,
    }
    .w = {
      0x0000,
      0x0000,
      0x0000,
      0x0000,
      0x0000,
      0x0000,
      0x0000,
      0x0000,
      0x0000,
      0x0000,
      0x0000,
      0x0000,
      0x0000,
      0x0000,
      0x0000,
      0x0000,
    }
    .d = {
      0x00000000,
      0x00000000,
      0x00000000,
      0x00000000,
      0x00000000,
      0x00000000,
      0x00000000,
      0x00000000,
    }
    .q = {
      0x0000000000000000,
      0x0000000000000000,
      0x0000000000000000,
      0x0000000000000000,
    }
    .s = {
      0.000000,
      0.000000,
      0.000000,
      0.000000,
      0.000000,
      0.000000,
      0.000000,
      0.000000,
    }
    .f = {
      0.000000,
      0.000000,
      0.000000,
      0.000000,
    }
  v8:
    .b = {
      0x00,
      0x00,
      0x00,
      0x00,
      0x00,
      0x00,
      0x00,
      0x00,
      0x00,
      0x00,
      0x00,
      0x00,
      0x00,
      0x00,
      0x00,
      0x00,
      0x00,
      0x00,
      0x00,
      0x00,
      0x00,
      0x00,
      0x00,
      0x00,
      0x00,
      0x00,
      0x00,
      0x00,
      0x00,
      0x00,
      0x00,
      0x00,
    }
    .w = {
      0x0000,
      0x0000,
      0x0000,
      0x0000,
      0x0000,
      0x0000,
      0x0000,
      0x0000,
      0x0000,
      0x0000,
      0x0000,
      0x0000,
      0x0000,
      0x0000,
      0x0000,
      0x0000,
    }
    .d = {
      0x00000000,
      0x00000000,
      0x00000000,
      0x00000000,
      0x00000000,
      0x00000000,
      0x00000000,
      0x00000000,
    }
    .q = {
      0x0000000000000000,
      0x0000000000000000,
      0x0000000000000000,
      0x0000000000000000,
    }
    .s = {
      0.000000,
      0.000000,
      0.000000,
      0.000000,
      0.000000,
      0.000000,
      0.000000,
      0.000000,
    }
    .f = {
      0.000000,
      0.000000,
      0.000000,
      0.000000,
    }
  v9:
    .b = {
      0x00,
      0x00,
      0x00,
      0x00,
      0x00,
      0x00,
      0x00,
      0x00,
      0x00,
      0x00,
      0x00,
      0x00,
      0x00,
      0x00,
      0x00,
      0x00,
      0x00,
      0x00,
      0x00,
      0x00,
      0x00,
      0x00,
      0x00,
      0x00,
      0x00,
      0x00,
      0x00,
      0x00,
      0x00,
      0x00,
      0x00,
      0x00,
    }
    .w = {
      0x0000,
      0x0000,
      0x0000,
      0x0000,
      0x0000,
      0x0000,
      0x0000,
      0x0000,
      0x0000,
      0x0000,
      0x0000,
      0x0000,
      0x0000,
      0x0000,
      0x0000,
      0x0000,
    }
    .d = {
      0x00000000,
      0x00000000,
      0x00000000,
      0x00000000,
      0x00000000,
      0x00000000,
      0x00000000,
      0x00000000,
    }
    .q = {
      0x0000000000000000,
      0x0000000000000000,
      0x0000000000000000,
      0x0000000000000000,
    }
    .s = {
      0.000000,
      0.000000,
      0.000000,
      0.000000,
      0.000000,
      0.000000,
      0.000000,
      0.000000,
    }
    .f = {
      0.000000,
      0.000000,
      0.000000,
      0.000000,
    }
  v10:
    .b = {
      0x00,
      0x00,
      0x00,
      0x00,
      0x00,
      0x00,
      0x00,
      0x00,
      0x00,
      0x00,
      0x00,
      0x00,
      0x00,
      0x00,
      0x00,
      0x00,
      0x00,
      0x00,
      0x00,
      0x00,
      0x00,
      0x00,
      0x00,
      0x00,
      0x00,
      0x00,
      0x00,
      0x00,
      0x00,
      0x00,
      0x00,
      0x00,
    }
    .w = {
      0x0000,
      0x0000,
      0x0000,
      0x0000,
      0x0000,
      0x0000,
      0x0000,
      0x0000,
      0x0000,
      0x0000,
      0x0000,
      0x0000,
      0x0000,
      0x0000,
      0x0000,
      0x0000,
    }
    .d = {
      0x00000000,
      0x00000000,
      0x00000000,
      0x00000000,
      0x00000000,
      0x00000000,
      0x00000000,
      0x00000000,
    }
    .q = {
      0x0000000000000000,
      0x0000000000000000,
      0x0000000000000000,
      0x0000000000000000,
    }
    .s = {
      0.000000,
      0.000000,
      0.000000,
      0.000000,
      0.000000,
      0.000000,
      0.000000,
      0.000000,
    }
    .f = {
      0.000000,
      0.000000,
      0.000000,
      0.000000,
    }
  v11:
    .b = {
      0x00,
      0x00,
      0x00,
      0x00,
      0x00,
      0x00,
      0x00,
      0x00,
      0x00,
      0x00,
      0x00,
      0x00,
      0x00,
      0x00,
      0x00,
      0x00,
      0x00,
      0x00,
      0x00,
      0x00,
      0x00,
      0x00,
      0x00,
      0x00,
      0x00,
      0x00,
      0x00,
      0x00,
      0x00,
      0x00,
      0x00,
      0x00,
    }
    .w = {
      0x0000,
      0x0000,
      0x0000,
      0x0000,
      0x0000,
      0x0000,
      0x0000,
      0x0000,
      0x0000,
      0x0000,
      0x0000,
      0x0000,
      0x0000,
      0x0000,
      0x0000,
      0x0000,
    }
    .d = {
      0x00000000,
      0x00000000,
      0x00000000,
      0x00000000,
      0x00000000,
      0x00000000,
      0x00000000,
      0x00000000,
    }
    .q = {
      0x0000000000000000,
      0x0000000000000000,
      0x0000000000000000,
      0x0000000000000000,
    }
    .s = {
      0.000000,
      0.000000,
      0.000000,
      0.000000,
      0.000000,
      0.000000,
      0.000000,
      0.000000,
    }
    .f = {
      0.000000,
      0.000000,
      0.000000,
      0.000000,
    }
  v12:
    .b = {
      0x00,
      0x00,
      0x00,
      0x00,
      0x00,
      0x00,
      0x00,
      0x00,
      0x00,
      0x00,
      0x00,
      0x00,
      0x00,
      0x00,
      0x00,
      0x00,
      0x00,
      0x00,
      0x00,
      0x00,
      0x00,
      0x00,
      0x00,
      0x00,
      0x00,
      0x00,
      0x00,
      0x00,
      0x00,
      0x00,
      0x00,
      0x00,
    }
    .w = {
      0x0000,
      0x0000,
      0x0000,
      0x0000,
      0x0000,
      0x0000,
      0x0000,
      0x0000,
      0x0000,
      0x0000,
      0x0000,
      0x0000,
      0x0000,
      0x0000,
      0x0000,
      0x0000,
    }
    .d = {
      0x00000000,
      0x00000000,
      0x00000000,
      0x00000000,
      0x00000000,
      0x00000000,
      0x00000000,
      0x00000000,
    }
    .q = {
      0x0000000000000000,
      0x0000000000000000,
      0x0000000000000000,
      0x0000000000000000,
    }
    .s = {
      0.000000,
      0.000000,
      0.000000,
      0.000000,
      0.000000,
      0.000000,
      0.000000,
      0.000000,
    }
    .f = {
      0.000000,
      0.000000,
      0.000000,
      0.000000,
    }
  v13:
    .b = {
      0x00,
      0x00,
      0x00,
      0x00,
      0x00,
      0x00,
      0x00,
      0x00,
      0x00,
      0x00,
      0x00,
      0x00,
      0x00,
      0x00,
      0x00,
      0x00,
      0x00,
      0x00,
      0x00,
      0x00,
      0x00,
      0x00,
      0x00,
      0x00,
      0x00,
      0x00,
      0x00,
      0x00,
      0x00,
      0x00,
      0x00,
      0x00,
    }
    .w = {
      0x0000,
      0x0000,
      0x0000,
      0x0000,
      0x0000,
      0x0000,
      0x0000,
      0x0000,
      0x0000,
      0x0000,
      0x0000,
      0x0000,
      0x0000,
      0x0000,
      0x0000,
      0x0000,
    }
    .d = {
      0x00000000,
      0x00000000,
      0x00000000,
      0x00000000,
      0x00000000,
      0x00000000,
      0x00000000,
      0x00000000,
    }
    .q = {
      0x0000000000000000,
      0x0000000000000000,
      0x0000000000000000,
      0x0000000000000000,
    }
    .s = {
      0.000000,
      0.000000,
      0.000000,
      0.000000,
      0.000000,
      0.000000,
      0.000000,
      0.000000,
    }
    .f = {
      0.000000,
      0.000000,
      0.000000,
      0.000000,
    }
  v14:
    .b = {
      0x00,
      0x00,
      0x00,
      0x00,
      0x00,
      0x00,
      0x00,
      0x00,
      0x00,
      0x00,
      0x00,
      0x00,
      0x00,
      0x00,
      0x00,
      0x00,
      0x00,
      0x00,
      0x00,
      0x00,
      0x00,
      0x00,
      0x00,
      0x00,
      0x00,
      0x00,
      0x00,
      0x00,
      0x00,
      0x00,
      0x00,
      0x00,
    }
    .w = {
      0x0000,
      0x0000,
      0x0000,
      0x0000,
      0x0000,
      0x0000,
      0x0000,
      0x0000,
      0x0000,
      0x0000,
      0x0000,
      0x0000,
      0x0000,
      0x0000,
      0x0000,
      0x0000,
    }
    .d = {
      0x00000000,
      0x00000000,
      0x00000000,
      0x00000000,
      0x00000000,
      0x00000000,
      0x00000000,
      0x00000000,
    }
    .q = {
      0x0000000000000000,
      0x0000000000000000,
      0x0000000000000000,
      0x0000000000000000,
    }
    .s = {
      0.000000,
      0.000000,
      0.000000,
      0.000000,
      0.000000,
      0.000000,
      0.000000,
      0.000000,
    }
    .f = {
      0.000000,
      0.000000,
      0.000000,
      0.000000,
    }
  v15:
    .b = {
      0x00,
      0x00,
      0x00,
      0x00,
      0x00,
      0x00,
      0x00,
      0x00,
      0x00,
      0x00,
      0x00,
      0x00,
      0x00,
      0x00,
      0x00,
      0x00,
      0x00,
      0x00,
      0x00,
      0x00,
      0x00,
      0x00,
      0x00,
      0x00,
      0x00,
      0x00,
      0x00,
      0x00,
      0x00,
      0x00,
      0x00,
      0x00,
    }
    .w = {
      0x0000,
      0x0000,
      0x0000,
      0x0000,
      0x0000,
      0x0000,
      0x0000,
      0x0000,
      0x0000,
      0x0000,
      0x0000,
      0x0000,
      0x0000,
      0x0000,
      0x0000,
      0x0000,
    }
    .d = {
      0x00000000,
      0x00000000,
      0x00000000,
      0x00000000,
      0x00000000,
      0x00000000,
      0x00000000,
      0x00000000,
    }
    .q = {
      0x0000000000000000,
      0x0000000000000000,
      0x0000000000000000,
      0x0000000000000000,
    }
    .s = {
      0.000000,
      0.000000,
      0.000000,
      0.000000,
      0.000000,
      0.000000,
      0.000000,
      0.000000,
    }
    .f = {
      0.000000,
      0.000000,
      0.000000,
      0.000000,
    }
